<?xml version="1.0" encoding="UTF-8"?>
<!-- Generated by org.testng.reporters.JUnitReportReporter -->
<testsuite skipped="0" hostname="NURU-PC" name="BankAcc" tests="1" failures="0" timestamp="08 Dec 2017 23:22:53 GMT" time="20.922" errors="0">
  <testcase name="Test" time="20.922" classname="BankAcc"/>
</testsuite> <!-- BankAcc -->
