<?xml version="1.0" encoding="UTF-8"?>
<!-- Generated by org.testng.reporters.JUnitReportReporter -->
<testsuite skipped="0" hostname="NURU-PC" name="ForGitProject" tests="1" failures="0" timestamp="14 Dec 2017 01:36:31 GMT" time="7.325" errors="0">
  <testcase name="Test" time="7.325" classname="ForGitProject"/>
</testsuite> <!-- ForGitProject -->
